#! c:/iverilog-x86/bin/vvp
:ivl_version "10.0 (stable)" "(v10_0)";
:ivl_delay_selection "TYPICAL";
:vpi_time_precision + 0;
:vpi_module "system";
:vpi_module "vhdl_sys";
:vpi_module "v2005_math";
:vpi_module "va_math";
S_0068b3a0 .scope module, "BitSampleCounter_tb" "BitSampleCounter_tb" 2 44;
 .timescale 0 0;
P_0068c4d8 .param/l "CLOCK_PERIOD" 0 2 65, +C4<00000000000000000000000000000010>;
v0068bd38_0 .var "clk", 0 0;
v0068bd90_0 .var "dataIn", 0 0;
v01f0c860_0 .net "dataOut", 0 0, L_01f0f110;  1 drivers
v01f0c8b8_0 .var "enable", 3 0;
v01f0c910_0 .net "idEnable", 0 0, L_01f0f0c8;  1 drivers
S_0068fd70 .scope module, "bsc" "BitSampleCounter" 2 54, 2 13 0, S_0068b3a0;
 .timescale 0 0;
    .port_info 0 /OUTPUT 1 "dataOut"
    .port_info 1 /OUTPUT 1 "idEnable"
    .port_info 2 /INPUT 1 "dataIn"
    .port_info 3 /INPUT 4 "enable"
    .port_info 4 /INPUT 1 "clk"
L_01f0f0c8 .functor BUFZ 1, v00684438_0, C4<0>, C4<0>, C4<0>;
L_01f0f110 .functor BUFZ 1, v0068fe98_0, C4<0>, C4<0>, C4<0>;
v0068b470_0 .net "clk", 0 0, v0068bd38_0;  1 drivers
v0068fe40_0 .var "count", 3 0;
v0068fe98_0 .var "data", 0 0;
v0068fef0_0 .net "dataIn", 0 0, v0068bd90_0;  1 drivers
v00684388_0 .net "dataOut", 0 0, L_01f0f110;  alias, 1 drivers
v006843e0_0 .net "enable", 3 0, v01f0c8b8_0;  1 drivers
v00684438_0 .var "id", 0 0;
v00684490_0 .net "idEnable", 0 0, L_01f0f0c8;  alias, 1 drivers
v006844e8_0 .var "startFlag", 0 0;
E_0068c528 .event posedge, v0068b470_0;
    .scope S_0068fd70;
T_0 ;
    %wait E_0068c528;
    %load/vec4 v006843e0_0;
    %pushi/vec4 0, 0, 4;
    %cmp/e;
    %flag_get/vec4 4;
    %load/vec4 v006844e8_0;
    %inv;
    %and;
    %flag_set/vec4 8;
    %jmp/0xz  T_0.0, 8;
    %pushi/vec4 1, 0, 1;
    %assign/vec4 v006844e8_0, 0;
    %jmp T_0.1;
T_0.0 ;
    %load/vec4 v006844e8_0;
    %load/vec4 v0068fe40_0;
    %cmpi/u 15, 0, 4;
    %flag_get/vec4 5;
    %and;
    %flag_set/vec4 8;
    %jmp/0xz  T_0.2, 8;
    %pushi/vec4 1, 0, 1;
    %assign/vec4 v006844e8_0, 0;
    %load/vec4 v0068fe40_0;
    %addi 1, 0, 4;
    %assign/vec4 v0068fe40_0, 0;
    %load/vec4 v0068fef0_0;
    %assign/vec4 v0068fe98_0, 0;
    %jmp T_0.3;
T_0.2 ;
    %pushi/vec4 1, 0, 1;
    %assign/vec4 v00684438_0, 0;
    %pushi/vec4 0, 0, 4;
    %assign/vec4 v0068fe40_0, 0;
    %pushi/vec4 0, 0, 1;
    %assign/vec4 v006844e8_0, 0;
T_0.3 ;
T_0.1 ;
    %jmp T_0;
    .thread T_0;
    .scope S_0068b3a0;
T_1 ;
    %vpi_call 2 61 "$dumpfile", "BitSampleCounter_tb.vcd" {0 0 0};
    %vpi_call 2 62 "$dumpvars" {0 0 0};
    %end;
    .thread T_1;
    .scope S_0068b3a0;
T_2 ;
    %pushi/vec4 1, 0, 1;
    %store/vec4 v0068bd38_0, 0, 1;
    %end;
    .thread T_2;
    .scope S_0068b3a0;
T_3 ;
    %pushi/vec4 0, 0, 4;
    %store/vec4 v01f0c8b8_0, 0, 4;
    %end;
    .thread T_3;
    .scope S_0068b3a0;
T_4 ;
    %pushi/vec4 0, 0, 1;
    %store/vec4 v0068bd90_0, 0, 1;
    %end;
    .thread T_4;
    .scope S_0068b3a0;
T_5 ;
    %delay 1, 0;
    %load/vec4 v0068bd38_0;
    %inv;
    %store/vec4 v0068bd38_0, 0, 1;
    %jmp T_5;
    .thread T_5;
    .scope S_0068b3a0;
T_6 ;
    %pushi/vec4 0, 0, 4;
    %assign/vec4 v01f0c8b8_0, 0;
    %pushi/vec4 0, 0, 1;
    %assign/vec4 v0068bd90_0, 0;
    %wait E_0068c528;
    %pushi/vec4 1, 0, 4;
    %assign/vec4 v01f0c8b8_0, 0;
    %pushi/vec4 0, 0, 1;
    %assign/vec4 v0068bd90_0, 0;
    %wait E_0068c528;
    %pushi/vec4 4, 0, 4;
    %assign/vec4 v01f0c8b8_0, 0;
    %pushi/vec4 0, 0, 1;
    %assign/vec4 v0068bd90_0, 0;
    %wait E_0068c528;
    %pushi/vec4 7, 0, 4;
    %assign/vec4 v01f0c8b8_0, 0;
    %pushi/vec4 1, 0, 1;
    %assign/vec4 v0068bd90_0, 0;
    %wait E_0068c528;
    %pushi/vec4 1, 0, 4;
    %assign/vec4 v01f0c8b8_0, 0;
    %pushi/vec4 0, 0, 1;
    %assign/vec4 v0068bd90_0, 0;
    %wait E_0068c528;
    %pushi/vec4 0, 0, 4;
    %assign/vec4 v01f0c8b8_0, 0;
    %pushi/vec4 1, 0, 1;
    %assign/vec4 v0068bd90_0, 0;
    %wait E_0068c528;
    %pushi/vec4 0, 0, 4;
    %assign/vec4 v01f0c8b8_0, 0;
    %pushi/vec4 1, 0, 1;
    %assign/vec4 v0068bd90_0, 0;
    %wait E_0068c528;
    %pushi/vec4 0, 0, 4;
    %assign/vec4 v01f0c8b8_0, 0;
    %pushi/vec4 1, 0, 1;
    %assign/vec4 v0068bd90_0, 0;
    %wait E_0068c528;
    %vpi_call 2 92 "$finish" {0 0 0};
    %end;
    .thread T_6;
# The file index is used to find the file name in the following table.
:file_names 3;
    "N/A";
    "<interactive>";
    "BitSampleCount.sv";
